2019-02-27 15:44:39,471 - matplotlib.font_manager - DEBUG - findfont: Matching :family=sans-serif:style=normal:variant=normal:weight=normal:stretch=normal:size=12.0 to DejaVu Sans ('C:\\Program Files (x86)\\Microsoft Visual Studio\\Shared\\Anaconda3_64\\lib\\site-packages\\matplotlib\\mpl-data\\fonts\\ttf\\DejaVuSans.ttf') with score of 0.050000
2019-02-27 15:44:39,499 - matplotlib.font_manager - DEBUG - findfont: Matching :family=STIXGeneral:style=normal:variant=normal:weight=normal:stretch=normal:size=10.0 to STIXGeneral ('C:\\Program Files (x86)\\Microsoft Visual Studio\\Shared\\Anaconda3_64\\lib\\site-packages\\matplotlib\\mpl-data\\fonts\\ttf\\STIXGeneral.ttf') with score of 0.050000
2019-02-27 15:44:39,525 - matplotlib.font_manager - DEBUG - findfont: Matching :family=STIXGeneral:style=italic:variant=normal:weight=normal:stretch=normal:size=10.0 to STIXGeneral ('C:\\Program Files (x86)\\Microsoft Visual Studio\\Shared\\Anaconda3_64\\lib\\site-packages\\matplotlib\\mpl-data\\fonts\\ttf\\STIXGeneralItalic.ttf') with score of 0.050000
2019-02-27 15:44:39,530 - matplotlib.font_manager - DEBUG - findfont: Matching :family=STIXGeneral:style=normal:variant=normal:weight=bold:stretch=normal:size=10.0 to STIXGeneral ('C:\\Program Files (x86)\\Microsoft Visual Studio\\Shared\\Anaconda3_64\\lib\\site-packages\\matplotlib\\mpl-data\\fonts\\ttf\\STIXGeneralBol.ttf') with score of 0.000000
2019-02-27 15:44:39,544 - matplotlib.font_manager - DEBUG - findfont: Matching :family=STIXNonUnicode:style=normal:variant=normal:weight=normal:stretch=normal:size=10.0 to STIXNonUnicode ('C:\\Program Files (x86)\\Microsoft Visual Studio\\Shared\\Anaconda3_64\\lib\\site-packages\\matplotlib\\mpl-data\\fonts\\ttf\\STIXNonUni.ttf') with score of 0.050000
2019-02-27 15:44:39,558 - matplotlib.font_manager - DEBUG - findfont: Matching :family=STIXNonUnicode:style=italic:variant=normal:weight=normal:stretch=normal:size=10.0 to STIXNonUnicode ('C:\\Program Files (x86)\\Microsoft Visual Studio\\Shared\\Anaconda3_64\\lib\\site-packages\\matplotlib\\mpl-data\\fonts\\ttf\\STIXNonUniIta.ttf') with score of 0.050000
2019-02-27 15:44:39,564 - matplotlib.font_manager - DEBUG - findfont: Matching :family=STIXNonUnicode:style=normal:variant=normal:weight=bold:stretch=normal:size=10.0 to STIXNonUnicode ('C:\\Program Files (x86)\\Microsoft Visual Studio\\Shared\\Anaconda3_64\\lib\\site-packages\\matplotlib\\mpl-data\\fonts\\ttf\\STIXNonUniBol.ttf') with score of 0.000000
2019-02-27 15:44:39,573 - matplotlib.font_manager - DEBUG - findfont: Matching :family=STIXSizeOneSym:style=normal:variant=normal:weight=normal:stretch=normal:size=10.0 to STIXSizeOneSym ('C:\\Program Files (x86)\\Microsoft Visual Studio\\Shared\\Anaconda3_64\\lib\\site-packages\\matplotlib\\mpl-data\\fonts\\ttf\\STIXSizOneSymReg.ttf') with score of 0.050000
2019-02-27 15:44:39,587 - matplotlib.font_manager - DEBUG - findfont: Matching :family=STIXSizeTwoSym:style=normal:variant=normal:weight=normal:stretch=normal:size=10.0 to STIXSizeTwoSym ('C:\\Program Files (x86)\\Microsoft Visual Studio\\Shared\\Anaconda3_64\\lib\\site-packages\\matplotlib\\mpl-data\\fonts\\ttf\\STIXSizTwoSymReg.ttf') with score of 0.050000
2019-02-27 15:44:39,600 - matplotlib.font_manager - DEBUG - findfont: Matching :family=STIXSizeThreeSym:style=normal:variant=normal:weight=normal:stretch=normal:size=10.0 to STIXSizeThreeSym ('C:\\Program Files (x86)\\Microsoft Visual Studio\\Shared\\Anaconda3_64\\lib\\site-packages\\matplotlib\\mpl-data\\fonts\\ttf\\STIXSizThreeSymReg.ttf') with score of 0.050000
2019-02-27 15:44:39,610 - matplotlib.font_manager - DEBUG - findfont: Matching :family=STIXSizeFourSym:style=normal:variant=normal:weight=normal:stretch=normal:size=10.0 to STIXSizeFourSym ('C:\\Program Files (x86)\\Microsoft Visual Studio\\Shared\\Anaconda3_64\\lib\\site-packages\\matplotlib\\mpl-data\\fonts\\ttf\\STIXSizFourSymReg.ttf') with score of 0.050000
2019-02-27 15:44:39,621 - matplotlib.font_manager - DEBUG - findfont: Matching :family=STIXSizeFiveSym:style=normal:variant=normal:weight=normal:stretch=normal:size=10.0 to STIXSizeFiveSym ('C:\\Program Files (x86)\\Microsoft Visual Studio\\Shared\\Anaconda3_64\\lib\\site-packages\\matplotlib\\mpl-data\\fonts\\ttf\\STIXSizFiveSymReg.ttf') with score of 0.050000
2019-02-27 15:44:39,635 - matplotlib.font_manager - DEBUG - findfont: Matching :family=cmsy10:style=normal:variant=normal:weight=normal:stretch=normal:size=10.0 to cmsy10 ('C:\\Program Files (x86)\\Microsoft Visual Studio\\Shared\\Anaconda3_64\\lib\\site-packages\\matplotlib\\mpl-data\\fonts\\ttf\\cmsy10.ttf') with score of 0.050000
2019-02-27 15:44:39,651 - matplotlib.font_manager - DEBUG - findfont: Matching :family=cmr10:style=normal:variant=normal:weight=normal:stretch=normal:size=10.0 to cmr10 ('C:\\Program Files (x86)\\Microsoft Visual Studio\\Shared\\Anaconda3_64\\lib\\site-packages\\matplotlib\\mpl-data\\fonts\\ttf\\cmr10.ttf') with score of 0.050000
2019-02-27 15:44:39,676 - matplotlib.font_manager - DEBUG - findfont: Matching :family=cmtt10:style=normal:variant=normal:weight=normal:stretch=normal:size=10.0 to cmtt10 ('C:\\Program Files (x86)\\Microsoft Visual Studio\\Shared\\Anaconda3_64\\lib\\site-packages\\matplotlib\\mpl-data\\fonts\\ttf\\cmtt10.ttf') with score of 0.050000
2019-02-27 15:44:39,688 - matplotlib.font_manager - DEBUG - findfont: Matching :family=cmmi10:style=normal:variant=normal:weight=normal:stretch=normal:size=10.0 to cmmi10 ('C:\\Program Files (x86)\\Microsoft Visual Studio\\Shared\\Anaconda3_64\\lib\\site-packages\\matplotlib\\mpl-data\\fonts\\ttf\\cmmi10.ttf') with score of 0.050000
2019-02-27 15:44:39,702 - matplotlib.font_manager - DEBUG - findfont: Matching :family=cmb10:style=normal:variant=normal:weight=normal:stretch=normal:size=10.0 to cmb10 ('C:\\Program Files (x86)\\Microsoft Visual Studio\\Shared\\Anaconda3_64\\lib\\site-packages\\matplotlib\\mpl-data\\fonts\\ttf\\cmb10.ttf') with score of 0.050000
2019-02-27 15:44:39,721 - matplotlib.font_manager - DEBUG - findfont: Matching :family=cmss10:style=normal:variant=normal:weight=normal:stretch=normal:size=10.0 to cmss10 ('C:\\Program Files (x86)\\Microsoft Visual Studio\\Shared\\Anaconda3_64\\lib\\site-packages\\matplotlib\\mpl-data\\fonts\\ttf\\cmss10.ttf') with score of 0.050000
2019-02-27 15:44:39,736 - matplotlib.font_manager - DEBUG - findfont: Matching :family=cmex10:style=normal:variant=normal:weight=normal:stretch=normal:size=10.0 to cmex10 ('C:\\Program Files (x86)\\Microsoft Visual Studio\\Shared\\Anaconda3_64\\lib\\site-packages\\matplotlib\\mpl-data\\fonts\\ttf\\cmex10.ttf') with score of 0.050000
2019-02-27 15:44:39,748 - matplotlib.font_manager - DEBUG - findfont: Matching :family=DejaVu Sans:style=normal:variant=normal:weight=normal:stretch=normal:size=10.0 to DejaVu Sans ('C:\\Program Files (x86)\\Microsoft Visual Studio\\Shared\\Anaconda3_64\\lib\\site-packages\\matplotlib\\mpl-data\\fonts\\ttf\\DejaVuSans.ttf') with score of 0.050000
2019-02-27 15:44:39,759 - matplotlib.font_manager - DEBUG - findfont: Matching :family=DejaVu Sans:style=italic:variant=normal:weight=normal:stretch=normal:size=10.0 to DejaVu Sans ('C:\\Program Files (x86)\\Microsoft Visual Studio\\Shared\\Anaconda3_64\\lib\\site-packages\\matplotlib\\mpl-data\\fonts\\ttf\\DejaVuSans-Oblique.ttf') with score of 0.150000
2019-02-27 15:44:39,765 - matplotlib.font_manager - DEBUG - findfont: Matching :family=DejaVu Sans:style=normal:variant=normal:weight=bold:stretch=normal:size=10.0 to DejaVu Sans ('C:\\Program Files (x86)\\Microsoft Visual Studio\\Shared\\Anaconda3_64\\lib\\site-packages\\matplotlib\\mpl-data\\fonts\\ttf\\DejaVuSans-Bold.ttf') with score of 0.000000
2019-02-27 15:44:39,779 - matplotlib.font_manager - DEBUG - findfont: Matching :family=DejaVu Sans Mono:style=normal:variant=normal:weight=normal:stretch=normal:size=10.0 to DejaVu Sans Mono ('C:\\Program Files (x86)\\Microsoft Visual Studio\\Shared\\Anaconda3_64\\lib\\site-packages\\matplotlib\\mpl-data\\fonts\\ttf\\DejaVuSansMono.ttf') with score of 0.050000
2019-02-27 15:44:39,792 - matplotlib.font_manager - DEBUG - findfont: Matching :family=DejaVu Sans Display:style=normal:variant=normal:weight=normal:stretch=normal:size=10.0 to DejaVu Sans Display ('C:\\Program Files (x86)\\Microsoft Visual Studio\\Shared\\Anaconda3_64\\lib\\site-packages\\matplotlib\\mpl-data\\fonts\\ttf\\DejaVuSansDisplay.ttf') with score of 0.050000
2019-02-27 16:05:26,372 - calibrate_align - INFO - Glass data read from G:\My Drive\Shared by Vincenzo\Metrology logs and data\measure_data\2019_02_05\03_PCO2S20_xyscan_Height.txt
2019-02-27 16:05:26,482 - calibrate_align - INFO - as (243081, 3) array.
2019-02-27 16:14:26,833 - calibrate_align - INFO - Glass data read from G:\My Drive\Shared by Vincenzo\Metrology logs and data\measure_data\2019_02_05\03_PCO2S20_xyscan_Height.txt
2019-02-27 16:14:26,891 - calibrate_align - INFO - as (243081, 3) array.
2019-02-27 16:18:08,582 - calibrate_align - INFO - Glass data read from G:\My Drive\Shared by Vincenzo\Metrology logs and data\measure_data\2019_02_05\03_PCO2S20_xyscan_Height.txt
2019-02-27 16:18:08,660 - calibrate_align - INFO - as (243081, 3) array.
2019-02-27 16:29:26,542 - calibrate_align - INFO - Glass data read from G:\My Drive\Shared by Vincenzo\Metrology logs and data\measure_data\2019_02_05\03_PCO2S20_xyscan_Height.txt
2019-02-27 16:29:26,658 - calibrate_align - INFO - as (243081, 3) array.
2019-02-27 16:30:58,469 - calibrate_align - INFO - calibration performed with data from file ..\Profilometer_characterization\mandrel3_calibration_20171129\07_mandrel3_xyscan_Height.dat
2019-02-27 16:30:58,482 - calibrate_align - INFO - as (896308, 3) array.
2019-02-27 16:30:58,488 - calibrate_align - WARNING - No transformation function. Data points are not transformed.
2019-02-27 16:31:05,704 - matplotlib.backends._backend_tk - INFO - Could not load matplotlib icon: can't use "pyimage11" as iconphoto: not a photo image
2019-02-27 16:32:58,094 - matplotlib.backends._backend_tk - INFO - Could not load matplotlib icon: can't use "pyimage20" as iconphoto: not a photo image
2019-02-27 16:35:08,287 - calibrate_align - INFO - Plotting and saving data in results\PCO2S20_analysis_190205
2019-02-27 16:46:49,586 - calibrate_align - INFO - Glass data read from G:\My Drive\Shared by Vincenzo\Metrology logs and data\measure_data\2019_02_05\03_PCO2S20_xyscan_Height.txt
2019-02-27 16:46:49,608 - calibrate_align - INFO - as (243081, 3) array.
2019-02-27 16:47:53,906 - calibrate_align - INFO - calibration performed with data from file ..\Profilometer_characterization\mandrel3_calibration_20171129\07_mandrel3_xyscan_Height.dat
2019-02-27 16:47:53,948 - calibrate_align - INFO - as (896308, 3) array.
2019-02-27 16:47:53,957 - calibrate_align - WARNING - No transformation function. Data points are not transformed.
2019-02-27 16:47:54,513 - matplotlib.backends._backend_tk - INFO - Could not load matplotlib icon: can't use "pyimage32" as iconphoto: not a photo image
2019-02-27 16:49:46,730 - matplotlib.backends._backend_tk - INFO - Could not load matplotlib icon: can't use "pyimage41" as iconphoto: not a photo image
2019-02-27 16:52:05,579 - calibrate_align - INFO - Plotting and saving data in results\PCO2S20_analysis_190205
2019-02-27 16:58:19,017 - calibrate_align - INFO - Glass data read from G:\My Drive\Shared by Vincenzo\Metrology logs and data\measure_data\2019_02_05\03_PCO2S20_xyscan_Height.txt
2019-02-27 16:58:20,572 - calibrate_align - INFO - as (243081, 3) array.
2019-02-27 17:01:14,256 - calibrate_align - INFO - calibration performed with data from file ..\Profilometer_characterization\mandrel3_calibration_20171129\07_mandrel3_xyscan_Height.dat
2019-02-27 17:01:15,840 - calibrate_align - INFO - as (896308, 3) array.
2019-02-27 17:01:20,713 - calibrate_align - WARNING - No transformation function. Data points are not transformed.
2019-02-27 17:06:18,380 - matplotlib.backends._backend_tk - INFO - Could not load matplotlib icon: can't use "pyimage52" as iconphoto: not a photo image
